c:\users\jungh\바탕 화면\indoorgmlparser\indoorgmlparser\x64\debug\indoorgmlparser.pch
c:\users\jungh\바탕 화면\indoorgmlparser\indoorgmlparser\x64\debug\vc140.pdb
c:\users\jungh\바탕 화면\indoorgmlparser\indoorgmlparser\x64\debug\vc140.idb
c:\users\jungh\바탕 화면\indoorgmlparser\indoorgmlparser\x64\debug\stdafx.obj
c:\users\jungh\바탕 화면\indoorgmlparser\indoorgmlparser\x64\debug\abstractfeatures.obj
c:\users\jungh\바탕 화면\indoorgmlparser\indoorgmlparser\x64\debug\geometrymanager.obj
c:\users\jungh\바탕 화면\indoorgmlparser\indoorgmlparser\x64\debug\geometryparser.obj
c:\users\jungh\바탕 화면\indoorgmlparser\indoorgmlparser\x64\debug\indoorgmlfactory.obj
c:\users\jungh\바탕 화면\indoorgmlparser\indoorgmlparser\x64\debug\indoorgmlparser.obj
c:\users\jungh\바탕 화면\indoorgmlparser\indoorgmlparser\x64\debug\linearring.obj
c:\users\jungh\바탕 화면\indoorgmlparser\indoorgmlparser\x64\debug\linearring2d.obj
c:\users\jungh\바탕 화면\indoorgmlparser\indoorgmlparser\x64\debug\parserutil.obj
c:\users\jungh\바탕 화면\indoorgmlparser\indoorgmlparser\x64\debug\point2d.obj
c:\users\jungh\바탕 화면\indoorgmlparser\indoorgmlparser\x64\debug\point3d.obj
c:\users\jungh\바탕 화면\indoorgmlparser\indoorgmlparser\x64\debug\polygon.obj
c:\users\jungh\바탕 화면\indoorgmlparser\indoorgmlparser\x64\debug\polygon2d.obj
c:\users\jungh\바탕 화면\indoorgmlparser\indoorgmlparser\x64\debug\solid.obj
c:\users\jungh\바탕 화면\indoorgmlparser\indoorgmlparser\x64\debug\tessellator.obj
c:\users\jungh\바탕 화면\indoorgmlparser\indoorgmlparser\x64\debug\triangle.obj
c:\users\jungh\바탕 화면\indoorgmlparser\indoorgmlparser\x64\debug\vertex.obj
c:\users\jungh\바탕 화면\indoorgmlparser\indoorgmlparser\x64\debug\indoorgmlparser.tlog\cl.command.1.tlog
c:\users\jungh\바탕 화면\indoorgmlparser\indoorgmlparser\x64\debug\indoorgmlparser.tlog\cl.read.1.tlog
c:\users\jungh\바탕 화면\indoorgmlparser\indoorgmlparser\x64\debug\indoorgmlparser.tlog\cl.write.1.tlog
