IndoorGMLParser.obj : error LNK2019: unresolved external symbol "public: static void * __cdecl xercesc_3_1::XMemory::operator new(unsigned int)" (??2XMemory@xercesc_3_1@@SAPAXI@Z) referenced in function _main
IndoorGMLParser.obj : error LNK2019: unresolved external symbol "public: static void __cdecl xercesc_3_1::XMemory::operator delete(void *)" (??3XMemory@xercesc_3_1@@SAXPAX@Z) referenced in function "public: virtual void * __thiscall xercesc_3_1::SAXException::`scalar deleting destructor'(unsigned int)" (??_GSAXException@xercesc_3_1@@UAEPAXI@Z)
IndoorGMLParser.obj : error LNK2019: unresolved external symbol "public: static void __cdecl xercesc_3_1::XMLPlatformUtils::Initialize(char const * const,char const * const,class xercesc_3_1::PanicHandler * const,class xercesc_3_1::MemoryManager * const)" (?Initialize@XMLPlatformUtils@xercesc_3_1@@SAXQBD0QAVPanicHandler@2@QAVMemoryManager@2@@Z) referenced in function _main
IndoorGMLParser.obj : error LNK2019: unresolved external symbol "public: static void __cdecl xercesc_3_1::XMLPlatformUtils::Terminate(void)" (?Terminate@XMLPlatformUtils@xercesc_3_1@@SAXXZ) referenced in function _main
IndoorGMLParser.obj : error LNK2019: unresolved external symbol "public: static char * __cdecl xercesc_3_1::XMLString::transcode(wchar_t const * const,class xercesc_3_1::MemoryManager * const)" (?transcode@XMLString@xercesc_3_1@@SAPADQB_WQAVMemoryManager@2@@Z) referenced in function __catch$_main$0
parserutil.obj : error LNK2001: unresolved external symbol "public: static char * __cdecl xercesc_3_1::XMLString::transcode(wchar_t const * const,class xercesc_3_1::MemoryManager * const)" (?transcode@XMLString@xercesc_3_1@@SAPADQB_WQAVMemoryManager@2@@Z)
IndoorGMLParser.obj : error LNK2019: unresolved external symbol "public: static void __cdecl xercesc_3_1::XMLString::release(char * *,class xercesc_3_1::MemoryManager * const)" (?release@XMLString@xercesc_3_1@@SAXPAPADQAVMemoryManager@2@@Z) referenced in function __catch$_main$0
IndoorGMLParser.obj : error LNK2019: unresolved external symbol "public: class xercesc_3_1::DOMDocument * __thiscall xercesc_3_1::AbstractDOMParser::getDocument(void)" (?getDocument@AbstractDOMParser@xercesc_3_1@@QAEPAVDOMDocument@2@XZ) referenced in function _main
IndoorGMLParser.obj : error LNK2019: unresolved external symbol "public: void __thiscall xercesc_3_1::AbstractDOMParser::setDoSchema(bool)" (?setDoSchema@AbstractDOMParser@xercesc_3_1@@QAEX_N@Z) referenced in function _main
IndoorGMLParser.obj : error LNK2019: unresolved external symbol "public: void __thiscall xercesc_3_1::AbstractDOMParser::parse(char const * const)" (?parse@AbstractDOMParser@xercesc_3_1@@QAEXQBD@Z) referenced in function _main
IndoorGMLParser.obj : error LNK2019: unresolved external symbol "public: __thiscall xercesc_3_1::XercesDOMParser::XercesDOMParser(class xercesc_3_1::XMLValidator * const,class xercesc_3_1::MemoryManager * const,class xercesc_3_1::XMLGrammarPool * const)" (??0XercesDOMParser@xercesc_3_1@@QAE@QAVXMLValidator@1@QAVMemoryManager@1@QAVXMLGrammarPool@1@@Z) referenced in function _main
IndoorGMLParser.obj : error LNK2019: unresolved external symbol "public: void __thiscall xercesc_3_1::XercesDOMParser::setErrorHandler(class xercesc_3_1::ErrorHandler * const)" (?setErrorHandler@XercesDOMParser@xercesc_3_1@@QAEXQAVErrorHandler@2@@Z) referenced in function _main
IndoorGMLParser.obj : error LNK2019: unresolved external symbol "public: __thiscall xercesc_3_1::SAXParseException::SAXParseException(class xercesc_3_1::SAXParseException const &)" (??0SAXParseException@xercesc_3_1@@QAE@ABV01@@Z) referenced in function "public: virtual void __thiscall xercesc_3_1::HandlerBase::fatalError(class xercesc_3_1::SAXParseException const &)" (?fatalError@HandlerBase@xercesc_3_1@@UAEXABVSAXParseException@2@@Z)
IndoorGMLParser.obj : error LNK2001: unresolved external symbol "public: virtual __thiscall xercesc_3_1::SAXParseException::~SAXParseException(void)" (??1SAXParseException@xercesc_3_1@@UAE@XZ)
IndoorGMLParser.obj : error LNK2001: unresolved external symbol "public: static char const * const xercesc_3_1::XMLUni::fgXercescDefaultLocale" (?fgXercescDefaultLocale@XMLUni@xercesc_3_1@@2QBDB)
IndoorGMLParser.obj : error LNK2001: unresolved external symbol "public: static class xercesc_3_1::MemoryManager * xercesc_3_1::XMLPlatformUtils::fgMemoryManager" (?fgMemoryManager@XMLPlatformUtils@xercesc_3_1@@2PAVMemoryManager@2@A)
parserutil.obj : error LNK2001: unresolved external symbol "public: static class xercesc_3_1::MemoryManager * xercesc_3_1::XMLPlatformUtils::fgMemoryManager" (?fgMemoryManager@XMLPlatformUtils@xercesc_3_1@@2PAVMemoryManager@2@A)
linearring.obj : error LNK2019: unresolved external symbol "public: __thiscall TVec3<double>::TVec3<double>(double,double,double)" (??0?$TVec3@N@@QAE@NNN@Z) referenced in function "public: class TVec3<double> __thiscall indoorgml::LinearRing::computeNormal(void)const " (?computeNormal@LinearRing@indoorgml@@QBE?AV?$TVec3@N@@XZ)
polygon.obj : error LNK2001: unresolved external symbol "public: __thiscall TVec3<double>::TVec3<double>(double,double,double)" (??0?$TVec3@N@@QAE@NNN@Z)
linearring.obj : error LNK2019: unresolved external symbol "public: class TVec3<double> __thiscall TVec3<double>::normal(void)const " (?normal@?$TVec3@N@@QBE?AV1@XZ) referenced in function "public: class TVec3<double> __thiscall indoorgml::LinearRing::computeNormal(void)const " (?computeNormal@LinearRing@indoorgml@@QBE?AV?$TVec3@N@@XZ)
polygon.obj : error LNK2019: unresolved external symbol "public: class TVec3<double> __thiscall TVec3<double>::operator-(void)const " (??G?$TVec3@N@@QBE?AV0@XZ) referenced in function "protected: class TVec3<double> __thiscall indoorgml::Polygon::computeNormal(void)" (?computeNormal@Polygon@indoorgml@@IAE?AV?$TVec3@N@@XZ)
../external/xercesc/lib/xerces-c_3.lib : warning LNK4272: library machine type 'x64' conflicts with target machine type 'X86'
D:\Documents\Visual Studio 2015\Projects\IndoorGMLParser\Debug\IndoorGMLParser.exe : fatal error LNK1120: 18 unresolved externals
